#
# A fatal error has been detected by the Java Runtime Environment:
#
#  EXCEPTION_ACCESS_VIOLATION (0xc0000005) at pc=0x00007ffe389c409c, pid=10996, tid=12908
#
# JRE version: OpenJDK Runtime Environment Temurin-17.0.8.1+1 (17.0.8.1+1) (build 17.0.8.1+1)
# Java VM: OpenJDK 64-Bit Server VM Temurin-17.0.8.1+1 (17.0.8.1+1, mixed mode, sharing, tiered, compressed oops, compressed class ptrs, g1 gc, windows-amd64)
# Problematic frame:
# C  [igxelpicd64.dll+0xd409c]
#
# No core dump will be written. Minidumps are not enabled by default on client versions of Windows
#
# If you would like to submit a bug report, please visit:
#   https://github.com/adoptium/adoptium-support/issues
#

---------------  S U M M A R Y ------------

Command Line: -agentlib:jdwp=transport=dt_socket,address=8381,server=y,suspend=y,quiet=y -Djna.nosys=true -Djava.library.path=;C:\Program Files\Processing\app\resources\core\library;C:\Program Files\Processing;C:\WINDOWS\system32;C:\WINDOWS;C:\Program Files (x86)\Common Files\Oracle\Java\javapath;C:\Windows\system32;C:\Windows;C:\Windows\System32\Wbem;C:\Windows\System32\WindowsPowerShell\v1.0;C:\Windows\System32\OpenSSH;C:\Program Files\NVIDIA Corporation\NVIDIA NvDLISR;C:\Program Files\dotnet;C:\Program Files\Cloudflare\Cloudflare WARP;C:\WINDOWS\system32;C:\WINDOWS;C:\WINDOWS\System32\Wbem;C:\WINDOWS\System32\WindowsPowerShell\v1.0;C:\WINDOWS\System32\OpenSSH;C:\Program Files (x86)\NVIDIA Corporation\PhysX\Common;C:\Program Files (x86)\Windows Kits\10\Windows Performance Toolkit;C:\Program Files\Microsoft SQL Server\120\Tools\Binn;C:\Users\Admin\AppData\Local\Microsoft\WindowsApps;C:\Users\Admin\AppData\Local\PowerToys\DSCModules;C:\Program Files\Processing;C:\Program Files\Processing\app;. -ea processing.core.PApplet --editor-location=610,240 --external --display=1 --sketch-path=C:\Users\Admin\Desktop\Processing Files\Module_1 Module_1

Host: 12th Gen Intel(R) Core(TM) i5-12400, 12 cores, 31G,  Windows 11 , 64 bit Build 26100 (10.0.26100.7705)
Time: Tue Feb 24 13:07:28 2026 Malay Peninsula Standard Time elapsed time: 5.235281 seconds (0d 0h 0m 5s)

---------------  T H R E A D  ---------------

Current thread (0x000001aae30d7d60):  VMThread "VM Thread" [stack: 0x00000035cbf00000,0x00000035cc000000] [id=12908]

Stack: [0x00000035cbf00000,0x00000035cc000000],  sp=0x00000035cbffe530,  free space=1017k
Native frames: (J=compiled Java code, j=interpreted, Vv=VM code, C=native code)
C  [igxelpicd64.dll+0xd409c]


siginfo: EXCEPTION_ACCESS_VIOLATION (0xc0000005), reading address 0x00000000000356f8


Register to memory mapping:

RIP=0x00007ffe389c409c igxelpicd64.dll
RAX=0x000001ab3abfaba8 points into unknown readable memory: 0x0000000000034ac9 | c9 4a 03 00 00 00 00 00
RBX=0x000001ab3abfa980 points into unknown readable memory: 0x000001ab2b9ad4e0 | e0 d4 9a 2b ab 01 00 00
RCX=0x0 is NULL
RDX=0x0000000000000004 is an unknown value
RSP=0x00000035cbffe530 points into unknown readable memory: 0x000001ab2b8c2bc0 | c0 2b 8c 2b ab 01 00 00
RBP=0x0 is NULL
RSI=0x000001ab3abfaf50 points into unknown readable memory: 0x000001ab3abf95d0 | d0 95 bf 3a ab 01 00 00
RDI=0x000001ab2d125e40 points into unknown readable memory: 0x0000000000000000 | 00 00 00 00 00 00 00 00
R8 =0x0000000000000014 is an unknown value
R9 =0x00000035cb588000 points into unknown readable memory: 0x0000000000000000 | 00 00 00 00 00 00 00 00
R10=0x0 is NULL
R11=0x0 is NULL
R12=0x0 is NULL
R13=0x000001ab3abf95d0 points into unknown readable memory: 0x000001ab2b9ad4e0 | e0 d4 9a 2b ab 01 00 00
R14=0x0000000000034a00 is an unknown value
R15=0x0000000000000016 is an unknown value


Registers:
RAX=0x000001ab3abfaba8, RBX=0x000001ab3abfa980, RCX=0x0000000000000000, RDX=0x0000000000000004
RSP=0x00000035cbffe530, RBP=0x0000000000000000, RSI=0x000001ab3abfaf50, RDI=0x000001ab2d125e40
R8 =0x0000000000000014, R9 =0x00000035cb588000, R10=0x0000000000000000, R11=0x0000000000000000
R12=0x0000000000000000, R13=0x000001ab3abf95d0, R14=0x0000000000034a00, R15=0x0000000000000016
RIP=0x00007ffe389c409c, EFLAGS=0x0000000000010202

Top of Stack: (sp=0x00000035cbffe530)
0x00000035cbffe530:   000001ab2b8c2bc0 0000000000000000
0x00000035cbffe540:   0000000000000000 00007ffe9f005a74
0x00000035cbffe550:   000001ab2d614b00 00007ffe38943995
0x00000035cbffe560:   0000d8f71897f2bc 000001ab2d614b00
0x00000035cbffe570:   000001ab2d649978 0000000000034ad2
0x00000035cbffe580:   0000000000000000 0000000000000016
0x00000035cbffe590:   0000000000000000 0000000000000000
0x00000035cbffe5a0:   00000035cbffe6b0 00007ffe38991c8c
0x00000035cbffe5b0:   000001ab2b8c2bc0 000001ab2d125e40
0x00000035cbffe5c0:   000001ab2d655100 000001ab2d655100
0x00000035cbffe5d0:   0000003500000958 0000740419cc0000
0x00000035cbffe5e0:   0000000000000000 000070000036f000
0x00000035cbffe5f0:   5fe7012bb9e60397 0ae8037699e70397
0x00000035cbffe600:   dbea034834e8035e 78ed0374b1ec037a
0x00000035cbffe610:   0bf1034d00000000 00007ffe389aea40
0x00000035cbffe620:   0000000000000000 0000000000000000 

Instructions: (pc=0x00007ffe389c409c)
0x00007ffe389c3f9c:   ec 40 45 8a e1 48 8b fa 48 8b e9 48 8b 1d d2 9c
0x00007ffe389c3fac:   e5 00 48 89 58 08 48 8b cb ff 15 55 21 9f 00 90
0x00007ffe389c3fbc:   4c 8b af 78 02 00 00 48 8b 05 26 7f d5 00 44 8b
0x00007ffe389c3fcc:   b8 40 0b 00 00 45 33 db 45 8a f3 4c 89 9f 78 02
0x00007ffe389c3fdc:   00 00 44 89 9f 80 02 00 00 4c 89 9f 98 02 00 00
0x00007ffe389c3fec:   4c 89 9f 88 02 00 00 48 85 ed 75 38 8b 35 da 76
0x00007ffe389c3ffc:   e5 00 65 48 8b 04 25 58 00 00 00 b9 14 00 00 00
0x00007ffe389c400c:   48 8b 04 f0 44 38 1c 01 0f 84 8b 1a 8b 00 65 48
0x00007ffe389c401c:   8b 04 25 58 00 00 00 bd 20 00 00 00 48 8b 04 f0
0x00007ffe389c402c:   48 8b 2c 28 48 3b 2d c9 9b e5 00 45 0f 44 fb 4d
0x00007ffe389c403c:   85 ed 0f 84 21 01 00 00 44 8a a4 24 90 00 00 00
0x00007ffe389c404c:   49 8b dd 49 8d b5 d0 05 00 00 4c 8b 2e 45 84 e4
0x00007ffe389c405c:   0f 85 2a 03 00 00 8b 97 c8 01 00 00 48 8b 05 81
0x00007ffe389c406c:   7e d5 00 83 b8 78 03 00 00 02 75 31 83 fa 10 0f
0x00007ffe389c407c:   83 17 01 00 00 48 8d 04 d5 21 00 00 00 48 03 c2
0x00007ffe389c408c:   48 8d 04 c3 48 85 c0 0f 85 2e 01 00 00 49 8b cb
0x00007ffe389c409c:   48 3b 8d f8 56 03 00 0f 87 f3 02 00 00 4c 39 9b
0x00007ffe389c40ac:   48 06 00 00 0f 85 2f 1a 8b 00 44 8b 97 c8 01 00
0x00007ffe389c40bc:   00 48 8b 87 e0 01 00 00 4c 8b 08 8b 97 c8 01 00
0x00007ffe389c40cc:   00 83 fa 10 0f 83 03 01 00 00 48 8d 04 d5 21 00
0x00007ffe389c40dc:   00 00 48 03 c2 48 8d 04 c3 48 85 c0 0f 85 e2 00
0x00007ffe389c40ec:   00 00 49 8b cb 49 3b c9 0f 86 0e 01 00 00 48 8b
0x00007ffe389c40fc:   87 78 02 00 00 48 89 06 48 89 9f 78 02 00 00 ff
0x00007ffe389c410c:   87 80 02 00 00 48 8b 43 08 48 8b 88 18 01 00 00
0x00007ffe389c411c:   48 81 e1 00 00 ff ff 48 81 c1 00 00 01 00 48 01
0x00007ffe389c412c:   8f 88 02 00 00 48 8b 43 08 48 8b 88 18 01 00 00
0x00007ffe389c413c:   48 01 8f 98 02 00 00 4d 85 ed 0f 85 00 ff ff ff
0x00007ffe389c414c:   45 84 f6 44 8a a4 24 98 00 00 00 0f 85 82 03 00
0x00007ffe389c415c:   00 48 8b 9c 24 80 00 00 00 48 8b cf 45 84 e4 0f
0x00007ffe389c416c:   85 8a 03 00 00 e8 fa f9 ff ff 90 48 8b cb 48 8b
0x00007ffe389c417c:   9c 24 88 00 00 00 48 83 c4 40 41 5f 41 5e 41 5d
0x00007ffe389c418c:   41 5c 5f 5e 5d 48 ff 25 80 1f 9f 00 8d 4a f0 8b 


Stack slot to memory mapping:
stack at sp + 0 slots: 0x000001ab2b8c2bc0 points into unknown readable memory: 0xffffffffffffffff | ff ff ff ff ff ff ff ff
stack at sp + 1 slots: 0x0 is NULL
stack at sp + 2 slots: 0x0 is NULL
stack at sp + 3 slots: 0x00007ffe9f005a74 ntdll.dll
stack at sp + 4 slots: 0x000001ab2d614b00 points into unknown readable memory: 0x000001ab2c951e80 | 80 1e 95 2c ab 01 00 00
stack at sp + 5 slots: 0x00007ffe38943995 igxelpicd64.dll
stack at sp + 6 slots: 0x0000d8f71897f2bc is an unknown value
stack at sp + 7 slots: 0x000001ab2d614b00 points into unknown readable memory: 0x000001ab2c951e80 | 80 1e 95 2c ab 01 00 00

VM_Operation (0x00000035ce2fe8f0): Exit, mode: safepoint, requested by thread 0x000001ab2cb3ec20


---------------  P R O C E S S  ---------------

Threads class SMR info:
_java_thread_list=0x000001ab3aa7acb0, length=19, elements={
0x000001aae30dd820, 0x000001aae30e03f0, 0x000001aae30fade0, 0x000001aae30fb6b0,
0x000001aae30fc070, 0x000001aae30fca30, 0x000001aae30ff730, 0x000001aae3108140,
0x000001aae310e050, 0x000001aae5d90b60, 0x000001aae5da7640, 0x000001aae5daab50,
0x000001aae5dad710, 0x000001aae5dcea80, 0x000001ab2b3bd820, 0x000001ab2cb3e710,
0x000001ab2cb3ec20, 0x000001ab2cb3d2d0, 0x000001ab2cb3dcf0
}

Java Threads: ( => current thread )
  0x000001aae30dd820 JavaThread "Reference Handler" daemon [_thread_blocked, id=8740, stack(0x00000035cc000000,0x00000035cc100000)]
  0x000001aae30e03f0 JavaThread "Finalizer" daemon [_thread_blocked, id=7412, stack(0x00000035cc100000,0x00000035cc200000)]
  0x000001aae30fade0 JavaThread "Signal Dispatcher" daemon [_thread_blocked, id=12596, stack(0x00000035cc200000,0x00000035cc300000)]
  0x000001aae30fb6b0 JavaThread "Attach Listener" daemon [_thread_blocked, id=1344, stack(0x00000035cc300000,0x00000035cc400000)]
  0x000001aae30fc070 JavaThread "Service Thread" daemon [_thread_blocked, id=18900, stack(0x00000035cc400000,0x00000035cc500000)]
  0x000001aae30fca30 JavaThread "Monitor Deflation Thread" daemon [_thread_blocked, id=13368, stack(0x00000035cc500000,0x00000035cc600000)]
  0x000001aae30ff730 JavaThread "C2 CompilerThread0" daemon [_thread_blocked, id=9356, stack(0x00000035cc600000,0x00000035cc700000)]
  0x000001aae3108140 JavaThread "C1 CompilerThread0" daemon [_thread_blocked, id=5144, stack(0x00000035cc700000,0x00000035cc800000)]
  0x000001aae310e050 JavaThread "Sweeper thread" daemon [_thread_blocked, id=8768, stack(0x00000035cc800000,0x00000035cc900000)]
  0x000001aae5d90b60 JavaThread "JDWP Transport Listener: dt_socket" daemon [_thread_blocked, id=17436, stack(0x00000035cc900000,0x00000035cca00000)]
  0x000001aae5da7640 JavaThread "JDWP Event Helper Thread" daemon [_thread_blocked, id=19048, stack(0x00000035cca00000,0x00000035ccb00000)]
  0x000001aae5daab50 JavaThread "JDWP Command Reader" daemon [_thread_blocked, id=6392, stack(0x00000035ccb00000,0x00000035ccc00000)]
  0x000001aae5dad710 JavaThread "Notification Thread" daemon [_thread_blocked, id=372, stack(0x00000035ccc00000,0x00000035ccd00000)]
  0x000001aae5dcea80 JavaThread "Common-Cleaner" daemon [_thread_blocked, id=19024, stack(0x00000035cce00000,0x00000035ccf00000)]
  0x000001ab2b3bd820 JavaThread "Java2D Disposer" daemon [_thread_blocked, id=12432, stack(0x00000035ccf00000,0x00000035cd000000)]
  0x000001ab2cb3e710 JavaThread "HighResTimerThread" daemon [_thread_blocked, id=18444, stack(0x00000035cd300000,0x00000035cd400000)]
  0x000001ab2cb3ec20 JavaThread "main-FPSAWTAnimator#00-Timer0" [_thread_blocked, id=18996, stack(0x00000035ce200000,0x00000035ce300000)]
  0x000001ab2cb3d2d0 JavaThread "DestroyJavaVM" [_thread_blocked, id=7092, stack(0x00000035cb900000,0x00000035cba00000)]
  0x000001ab2cb3dcf0 JavaThread "AWT-Shutdown" [_thread_blocked, id=9260, stack(0x00000035ce100000,0x00000035ce200000)]

Other Threads:
=>0x000001aae30d7d60 VMThread "VM Thread" [stack: 0x00000035cbf00000,0x00000035cc000000] [id=12908]
  0x000001aab744b590 GCTaskThread "GC Thread#0" [stack: 0x00000035cba00000,0x00000035cbb00000] [id=18004]
  0x000001ab2ccced60 GCTaskThread "GC Thread#1" [stack: 0x00000035cd800000,0x00000035cd900000] [id=6548]
  0x000001ab2cccf020 GCTaskThread "GC Thread#2" [stack: 0x00000035cd900000,0x00000035cda00000] [id=14268]
  0x000001ab2cccf2e0 GCTaskThread "GC Thread#3" [stack: 0x00000035cda00000,0x00000035cdb00000] [id=17244]
  0x000001ab2cccf5a0 GCTaskThread "GC Thread#4" [stack: 0x00000035cdb00000,0x00000035cdc00000] [id=6736]
  0x000001ab2cccfc70 GCTaskThread "GC Thread#5" [stack: 0x00000035cdc00000,0x00000035cdd00000] [id=2516]
  0x000001ab2cccff30 GCTaskThread "GC Thread#6" [stack: 0x00000035cdd00000,0x00000035cde00000] [id=12436]
  0x000001ab2ccd01f0 GCTaskThread "GC Thread#7" [stack: 0x00000035cde00000,0x00000035cdf00000] [id=8548]
  0x000001ab2ccd04b0 GCTaskThread "GC Thread#8" [stack: 0x00000035cdf00000,0x00000035ce000000] [id=8552]
  0x000001ab2ccd0770 GCTaskThread "GC Thread#9" [stack: 0x00000035ce000000,0x00000035ce100000] [id=16196]
  0x000001aab744e630 ConcurrentGCThread "G1 Main Marker" terminated
  0x000001aab744ea00 ConcurrentGCThread "G1 Conc#0" [stack: 0x00000035cbc00000,0x00000035cbd00000] [id=5860]
  0x000001aae30048e0 ConcurrentGCThread "G1 Refine#0" terminated
  0x000001aae30051b0 ConcurrentGCThread "G1 Service" terminated

Threads with active compile tasks:

VM state: at safepoint (shutting down)

VM Mutex/Monitor currently owned by a thread:  ([mutex/lock_event])
[0x000001aab739cf90] Threads_lock - owner thread: 0x000001aae30d7d60
[0x000001aab739b880] Heap_lock - owner thread: 0x000001ab2cb3ec20

Heap address: 0x0000000604000000, size: 8128 MB, Compressed Oops mode: Zero based, Oop shift amount: 3

CDS archive(s) mapped at: [0x000001aae6000000-0x000001aae6bd0000-0x000001aae6bd0000), size 12386304, SharedBaseAddress: 0x000001aae6000000, ArchiveRelocationMode: 1.
Compressed class space mapped at: 0x000001aae7000000-0x000001ab27000000, reserved size: 1073741824
Narrow klass base: 0x000001aae6000000, Narrow klass shift: 0, Narrow klass range: 0x100000000

GC Precious Log:
 CPUs: 12 total, 12 available
 Memory: 32509M
 Large Page Support: Disabled
 NUMA Support: Disabled
 Compressed Oops: Enabled (Zero based)
 Heap Region Size: 4M
 Heap Min Capacity: 8M
 Heap Initial Capacity: 508M
 Heap Max Capacity: 8128M
 Pre-touch: Disabled
 Parallel Workers: 10
 Concurrent Workers: 3
 Concurrent Refinement Workers: 10
 Periodic GC: Disabled

Heap:
 garbage-first heap   total 520192K, used 45501K [0x0000000604000000, 0x0000000800000000)
  region size 4096K, 12 young (49152K), 2 survivors (8192K)
 Metaspace       used 13273K, committed 13504K, reserved 1114112K
  class space    used 920K, committed 1024K, reserved 1048576K

Heap Regions: E=young(eden), S=young(survivor), O=old, HS=humongous(starts), HC=humongous(continues), CS=collection set, F=free, OA=open archive, CA=closed archive, TAMS=top-at-mark-start (previous, next)
|   0|0x0000000604000000, 0x000000060406f400, 0x0000000604400000| 10%| O|  |TAMS 0x0000000604000000, 0x0000000604000000| Untracked 
|   1|0x0000000604400000, 0x0000000604400000, 0x0000000604800000|  0%| F|  |TAMS 0x0000000604400000, 0x0000000604400000| Untracked 
|   2|0x0000000604800000, 0x0000000604800000, 0x0000000604c00000|  0%| F|  |TAMS 0x0000000604800000, 0x0000000604800000| Untracked 
|   3|0x0000000604c00000, 0x0000000604c00000, 0x0000000605000000|  0%| F|  |TAMS 0x0000000604c00000, 0x0000000604c00000| Untracked 
|   4|0x0000000605000000, 0x0000000605000000, 0x0000000605400000|  0%| F|  |TAMS 0x0000000605000000, 0x0000000605000000| Untracked 
|   5|0x0000000605400000, 0x0000000605400000, 0x0000000605800000|  0%| F|  |TAMS 0x0000000605400000, 0x0000000605400000| Untracked 
|   6|0x0000000605800000, 0x0000000605800000, 0x0000000605c00000|  0%| F|  |TAMS 0x0000000605800000, 0x0000000605800000| Untracked 
|   7|0x0000000605c00000, 0x0000000605c00000, 0x0000000606000000|  0%| F|  |TAMS 0x0000000605c00000, 0x0000000605c00000| Untracked 
|   8|0x0000000606000000, 0x0000000606000000, 0x0000000606400000|  0%| F|  |TAMS 0x0000000606000000, 0x0000000606000000| Untracked 
|   9|0x0000000606400000, 0x0000000606400000, 0x0000000606800000|  0%| F|  |TAMS 0x0000000606400000, 0x0000000606400000| Untracked 
|  10|0x0000000606800000, 0x0000000606800000, 0x0000000606c00000|  0%| F|  |TAMS 0x0000000606800000, 0x0000000606800000| Untracked 
|  11|0x0000000606c00000, 0x0000000606c00000, 0x0000000607000000|  0%| F|  |TAMS 0x0000000606c00000, 0x0000000606c00000| Untracked 
|  12|0x0000000607000000, 0x0000000607000000, 0x0000000607400000|  0%| F|  |TAMS 0x0000000607000000, 0x0000000607000000| Untracked 
|  13|0x0000000607400000, 0x0000000607400000, 0x0000000607800000|  0%| F|  |TAMS 0x0000000607400000, 0x0000000607400000| Untracked 
|  14|0x0000000607800000, 0x0000000607800000, 0x0000000607c00000|  0%| F|  |TAMS 0x0000000607800000, 0x0000000607800000| Untracked 
|  15|0x0000000607c00000, 0x0000000607c00000, 0x0000000608000000|  0%| F|  |TAMS 0x0000000607c00000, 0x0000000607c00000| Untracked 
|  16|0x0000000608000000, 0x0000000608000000, 0x0000000608400000|  0%| F|  |TAMS 0x0000000608000000, 0x0000000608000000| Untracked 
|  17|0x0000000608400000, 0x0000000608400000, 0x0000000608800000|  0%| F|  |TAMS 0x0000000608400000, 0x0000000608400000| Untracked 
|  18|0x0000000608800000, 0x0000000608800000, 0x0000000608c00000|  0%| F|  |TAMS 0x0000000608800000, 0x0000000608800000| Untracked 
|  19|0x0000000608c00000, 0x0000000608c00000, 0x0000000609000000|  0%| F|  |TAMS 0x0000000608c00000, 0x0000000608c00000| Untracked 
|  20|0x0000000609000000, 0x0000000609000000, 0x0000000609400000|  0%| F|  |TAMS 0x0000000609000000, 0x0000000609000000| Untracked 
|  21|0x0000000609400000, 0x0000000609400000, 0x0000000609800000|  0%| F|  |TAMS 0x0000000609400000, 0x0000000609400000| Untracked 
|  22|0x0000000609800000, 0x0000000609800000, 0x0000000609c00000|  0%| F|  |TAMS 0x0000000609800000, 0x0000000609800000| Untracked 
|  23|0x0000000609c00000, 0x0000000609c00000, 0x000000060a000000|  0%| F|  |TAMS 0x0000000609c00000, 0x0000000609c00000| Untracked 
|  24|0x000000060a000000, 0x000000060a000000, 0x000000060a400000|  0%| F|  |TAMS 0x000000060a000000, 0x000000060a000000| Untracked 
|  25|0x000000060a400000, 0x000000060a400000, 0x000000060a800000|  0%| F|  |TAMS 0x000000060a400000, 0x000000060a400000| Untracked 
|  26|0x000000060a800000, 0x000000060a800000, 0x000000060ac00000|  0%| F|  |TAMS 0x000000060a800000, 0x000000060a800000| Untracked 
|  27|0x000000060ac00000, 0x000000060ac00000, 0x000000060b000000|  0%| F|  |TAMS 0x000000060ac00000, 0x000000060ac00000| Untracked 
|  28|0x000000060b000000, 0x000000060b000000, 0x000000060b400000|  0%| F|  |TAMS 0x000000060b000000, 0x000000060b000000| Untracked 
|  29|0x000000060b400000, 0x000000060b400000, 0x000000060b800000|  0%| F|  |TAMS 0x000000060b400000, 0x000000060b400000| Untracked 
|  30|0x000000060b800000, 0x000000060b800000, 0x000000060bc00000|  0%| F|  |TAMS 0x000000060b800000, 0x000000060b800000| Untracked 
|  31|0x000000060bc00000, 0x000000060bc00000, 0x000000060c000000|  0%| F|  |TAMS 0x000000060bc00000, 0x000000060bc00000| Untracked 
|  32|0x000000060c000000, 0x000000060c000000, 0x000000060c400000|  0%| F|  |TAMS 0x000000060c000000, 0x000000060c000000| Untracked 
|  33|0x000000060c400000, 0x000000060c400000, 0x000000060c800000|  0%| F|  |TAMS 0x000000060c400000, 0x000000060c400000| Untracked 
|  34|0x000000060c800000, 0x000000060c800000, 0x000000060cc00000|  0%| F|  |TAMS 0x000000060c800000, 0x000000060c800000| Untracked 
|  35|0x000000060cc00000, 0x000000060cc00000, 0x000000060d000000|  0%| F|  |TAMS 0x000000060cc00000, 0x000000060cc00000| Untracked 
|  36|0x000000060d000000, 0x000000060d000000, 0x000000060d400000|  0%| F|  |TAMS 0x000000060d000000, 0x000000060d000000| Untracked 
|  37|0x000000060d400000, 0x000000060d400000, 0x000000060d800000|  0%| F|  |TAMS 0x000000060d400000, 0x000000060d400000| Untracked 
|  38|0x000000060d800000, 0x000000060d800000, 0x000000060dc00000|  0%| F|  |TAMS 0x000000060d800000, 0x000000060d800000| Untracked 
|  39|0x000000060dc00000, 0x000000060dc00000, 0x000000060e000000|  0%| F|  |TAMS 0x000000060dc00000, 0x000000060dc00000| Untracked 
|  40|0x000000060e000000, 0x000000060e000000, 0x000000060e400000|  0%| F|  |TAMS 0x000000060e000000, 0x000000060e000000| Untracked 
|  41|0x000000060e400000, 0x000000060e400000, 0x000000060e800000|  0%| F|  |TAMS 0x000000060e400000, 0x000000060e400000| Untracked 
|  42|0x000000060e800000, 0x000000060e800000, 0x000000060ec00000|  0%| F|  |TAMS 0x000000060e800000, 0x000000060e800000| Untracked 
|  43|0x000000060ec00000, 0x000000060ec00000, 0x000000060f000000|  0%| F|  |TAMS 0x000000060ec00000, 0x000000060ec00000| Untracked 
|  44|0x000000060f000000, 0x000000060f000000, 0x000000060f400000|  0%| F|  |TAMS 0x000000060f000000, 0x000000060f000000| Untracked 
|  45|0x000000060f400000, 0x000000060f400000, 0x000000060f800000|  0%| F|  |TAMS 0x000000060f400000, 0x000000060f400000| Untracked 
|  46|0x000000060f800000, 0x000000060f800000, 0x000000060fc00000|  0%| F|  |TAMS 0x000000060f800000, 0x000000060f800000| Untracked 
|  47|0x000000060fc00000, 0x000000060fc00000, 0x0000000610000000|  0%| F|  |TAMS 0x000000060fc00000, 0x000000060fc00000| Untracked 
|  48|0x0000000610000000, 0x0000000610000000, 0x0000000610400000|  0%| F|  |TAMS 0x0000000610000000, 0x0000000610000000| Untracked 
|  49|0x0000000610400000, 0x0000000610400000, 0x0000000610800000|  0%| F|  |TAMS 0x0000000610400000, 0x0000000610400000| Untracked 
|  50|0x0000000610800000, 0x0000000610800000, 0x0000000610c00000|  0%| F|  |TAMS 0x0000000610800000, 0x0000000610800000| Untracked 
|  51|0x0000000610c00000, 0x0000000610c00000, 0x0000000611000000|  0%| F|  |TAMS 0x0000000610c00000, 0x0000000610c00000| Untracked 
|  52|0x0000000611000000, 0x0000000611000000, 0x0000000611400000|  0%| F|  |TAMS 0x0000000611000000, 0x0000000611000000| Untracked 
|  53|0x0000000611400000, 0x0000000611400000, 0x0000000611800000|  0%| F|  |TAMS 0x0000000611400000, 0x0000000611400000| Untracked 
|  54|0x0000000611800000, 0x0000000611800000, 0x0000000611c00000|  0%| F|  |TAMS 0x0000000611800000, 0x0000000611800000| Untracked 
|  55|0x0000000611c00000, 0x0000000611c00000, 0x0000000612000000|  0%| F|  |TAMS 0x0000000611c00000, 0x0000000611c00000| Untracked 
|  56|0x0000000612000000, 0x0000000612000000, 0x0000000612400000|  0%| F|  |TAMS 0x0000000612000000, 0x0000000612000000| Untracked 
|  57|0x0000000612400000, 0x0000000612400000, 0x0000000612800000|  0%| F|  |TAMS 0x0000000612400000, 0x0000000612400000| Untracked 
|  58|0x0000000612800000, 0x0000000612800000, 0x0000000612c00000|  0%| F|  |TAMS 0x0000000612800000, 0x0000000612800000| Untracked 
|  59|0x0000000612c00000, 0x0000000612c00000, 0x0000000613000000|  0%| F|  |TAMS 0x0000000612c00000, 0x0000000612c00000| Untracked 
|  60|0x0000000613000000, 0x0000000613000000, 0x0000000613400000|  0%| F|  |TAMS 0x0000000613000000, 0x0000000613000000| Untracked 
|  61|0x0000000613400000, 0x0000000613400000, 0x0000000613800000|  0%| F|  |TAMS 0x0000000613400000, 0x0000000613400000| Untracked 
|  62|0x0000000613800000, 0x0000000613800000, 0x0000000613c00000|  0%| F|  |TAMS 0x0000000613800000, 0x0000000613800000| Untracked 
|  63|0x0000000613c00000, 0x0000000613c00000, 0x0000000614000000|  0%| F|  |TAMS 0x0000000613c00000, 0x0000000613c00000| Untracked 
|  64|0x0000000614000000, 0x0000000614000000, 0x0000000614400000|  0%| F|  |TAMS 0x0000000614000000, 0x0000000614000000| Untracked 
|  65|0x0000000614400000, 0x0000000614400000, 0x0000000614800000|  0%| F|  |TAMS 0x0000000614400000, 0x0000000614400000| Untracked 
|  66|0x0000000614800000, 0x0000000614800000, 0x0000000614c00000|  0%| F|  |TAMS 0x0000000614800000, 0x0000000614800000| Untracked 
|  67|0x0000000614c00000, 0x0000000614c00000, 0x0000000615000000|  0%| F|  |TAMS 0x0000000614c00000, 0x0000000614c00000| Untracked 
|  68|0x0000000615000000, 0x0000000615000000, 0x0000000615400000|  0%| F|  |TAMS 0x0000000615000000, 0x0000000615000000| Untracked 
|  69|0x0000000615400000, 0x0000000615400000, 0x0000000615800000|  0%| F|  |TAMS 0x0000000615400000, 0x0000000615400000| Untracked 
|  70|0x0000000615800000, 0x0000000615800000, 0x0000000615c00000|  0%| F|  |TAMS 0x0000000615800000, 0x0000000615800000| Untracked 
|  71|0x0000000615c00000, 0x0000000615c00000, 0x0000000616000000|  0%| F|  |TAMS 0x0000000615c00000, 0x0000000615c00000| Untracked 
|  72|0x0000000616000000, 0x0000000616000000, 0x0000000616400000|  0%| F|  |TAMS 0x0000000616000000, 0x0000000616000000| Untracked 
|  73|0x0000000616400000, 0x0000000616400000, 0x0000000616800000|  0%| F|  |TAMS 0x0000000616400000, 0x0000000616400000| Untracked 
|  74|0x0000000616800000, 0x0000000616800000, 0x0000000616c00000|  0%| F|  |TAMS 0x0000000616800000, 0x0000000616800000| Untracked 
|  75|0x0000000616c00000, 0x0000000616c00000, 0x0000000617000000|  0%| F|  |TAMS 0x0000000616c00000, 0x0000000616c00000| Untracked 
|  76|0x0000000617000000, 0x0000000617000000, 0x0000000617400000|  0%| F|  |TAMS 0x0000000617000000, 0x0000000617000000| Untracked 
|  77|0x0000000617400000, 0x0000000617400000, 0x0000000617800000|  0%| F|  |TAMS 0x0000000617400000, 0x0000000617400000| Untracked 
|  78|0x0000000617800000, 0x0000000617800000, 0x0000000617c00000|  0%| F|  |TAMS 0x0000000617800000, 0x0000000617800000| Untracked 
|  79|0x0000000617c00000, 0x0000000617c00000, 0x0000000618000000|  0%| F|  |TAMS 0x0000000617c00000, 0x0000000617c00000| Untracked 
|  80|0x0000000618000000, 0x0000000618000000, 0x0000000618400000|  0%| F|  |TAMS 0x0000000618000000, 0x0000000618000000| Untracked 
|  81|0x0000000618400000, 0x0000000618400000, 0x0000000618800000|  0%| F|  |TAMS 0x0000000618400000, 0x0000000618400000| Untracked 
|  82|0x0000000618800000, 0x0000000618800000, 0x0000000618c00000|  0%| F|  |TAMS 0x0000000618800000, 0x0000000618800000| Untracked 
|  83|0x0000000618c00000, 0x0000000618c00000, 0x0000000619000000|  0%| F|  |TAMS 0x0000000618c00000, 0x0000000618c00000| Untracked 
|  84|0x0000000619000000, 0x0000000619000000, 0x0000000619400000|  0%| F|  |TAMS 0x0000000619000000, 0x0000000619000000| Untracked 
|  85|0x0000000619400000, 0x0000000619400000, 0x0000000619800000|  0%| F|  |TAMS 0x0000000619400000, 0x0000000619400000| Untracked 
|  86|0x0000000619800000, 0x0000000619800000, 0x0000000619c00000|  0%| F|  |TAMS 0x0000000619800000, 0x0000000619800000| Untracked 
|  87|0x0000000619c00000, 0x0000000619c00000, 0x000000061a000000|  0%| F|  |TAMS 0x0000000619c00000, 0x0000000619c00000| Untracked 
|  88|0x000000061a000000, 0x000000061a000000, 0x000000061a400000|  0%| F|  |TAMS 0x000000061a000000, 0x000000061a000000| Untracked 
|  89|0x000000061a400000, 0x000000061a400000, 0x000000061a800000|  0%| F|  |TAMS 0x000000061a400000, 0x000000061a400000| Untracked 
|  90|0x000000061a800000, 0x000000061a800000, 0x000000061ac00000|  0%| F|  |TAMS 0x000000061a800000, 0x000000061a800000| Untracked 
|  91|0x000000061ac00000, 0x000000061ac00000, 0x000000061b000000|  0%| F|  |TAMS 0x000000061ac00000, 0x000000061ac00000| Untracked 
|  92|0x000000061b000000, 0x000000061b000000, 0x000000061b400000|  0%| F|  |TAMS 0x000000061b000000, 0x000000061b000000| Untracked 
|  93|0x000000061b400000, 0x000000061b400000, 0x000000061b800000|  0%| F|  |TAMS 0x000000061b400000, 0x000000061b400000| Untracked 
|  94|0x000000061b800000, 0x000000061b800000, 0x000000061bc00000|  0%| F|  |TAMS 0x000000061b800000, 0x000000061b800000| Untracked 
|  95|0x000000061bc00000, 0x000000061bc00000, 0x000000061c000000|  0%| F|  |TAMS 0x000000061bc00000, 0x000000061bc00000| Untracked 
|  96|0x000000061c000000, 0x000000061c000000, 0x000000061c400000|  0%| F|  |TAMS 0x000000061c000000, 0x000000061c000000| Untracked 
|  97|0x000000061c400000, 0x000000061c400000, 0x000000061c800000|  0%| F|  |TAMS 0x000000061c400000, 0x000000061c400000| Untracked 
|  98|0x000000061c800000, 0x000000061c800000, 0x000000061cc00000|  0%| F|  |TAMS 0x000000061c800000, 0x000000061c800000| Untracked 
|  99|0x000000061cc00000, 0x000000061cc00000, 0x000000061d000000|  0%| F|  |TAMS 0x000000061cc00000, 0x000000061cc00000| Untracked 
| 100|0x000000061d000000, 0x000000061d000000, 0x000000061d400000|  0%| F|  |TAMS 0x000000061d000000, 0x000000061d000000| Untracked 
| 101|0x000000061d400000, 0x000000061d400000, 0x000000061d800000|  0%| F|  |TAMS 0x000000061d400000, 0x000000061d400000| Untracked 
| 102|0x000000061d800000, 0x000000061d800000, 0x000000061dc00000|  0%| F|  |TAMS 0x000000061d800000, 0x000000061d800000| Untracked 
| 103|0x000000061dc00000, 0x000000061dc00000, 0x000000061e000000|  0%| F|  |TAMS 0x000000061dc00000, 0x000000061dc00000| Untracked 
| 104|0x000000061e000000, 0x000000061e000000, 0x000000061e400000|  0%| F|  |TAMS 0x000000061e000000, 0x000000061e000000| Untracked 
| 105|0x000000061e400000, 0x000000061e400000, 0x000000061e800000|  0%| F|  |TAMS 0x000000061e400000, 0x000000061e400000| Untracked 
| 106|0x000000061e800000, 0x000000061e800000, 0x000000061ec00000|  0%| F|  |TAMS 0x000000061e800000, 0x000000061e800000| Untracked 
| 107|0x000000061ec00000, 0x000000061ec00000, 0x000000061f000000|  0%| F|  |TAMS 0x000000061ec00000, 0x000000061ec00000| Untracked 
| 108|0x000000061f000000, 0x000000061f000000, 0x000000061f400000|  0%| F|  |TAMS 0x000000061f000000, 0x000000061f000000| Untracked 
| 109|0x000000061f400000, 0x000000061f400000, 0x000000061f800000|  0%| F|  |TAMS 0x000000061f400000, 0x000000061f400000| Untracked 
| 110|0x000000061f800000, 0x000000061f800000, 0x000000061fc00000|  0%| F|  |TAMS 0x000000061f800000, 0x000000061f800000| Untracked 
| 111|0x000000061fc00000, 0x000000061fc00000, 0x0000000620000000|  0%| F|  |TAMS 0x000000061fc00000, 0x000000061fc00000| Untracked 
| 112|0x0000000620000000, 0x0000000620000000, 0x0000000620400000|  0%| F|  |TAMS 0x0000000620000000, 0x0000000620000000| Untracked 
| 113|0x0000000620400000, 0x0000000620400000, 0x0000000620800000|  0%| F|  |TAMS 0x0000000620400000, 0x0000000620400000| Untracked 
| 114|0x0000000620800000, 0x0000000620c00000, 0x0000000620c00000|100%| S|CS|TAMS 0x0000000620800000, 0x0000000620800000| Complete 
| 115|0x0000000620c00000, 0x0000000621000000, 0x0000000621000000|100%| S|CS|TAMS 0x0000000620c00000, 0x0000000620c00000| Complete 
| 116|0x0000000621000000, 0x0000000621000000, 0x0000000621400000|  0%| F|  |TAMS 0x0000000621000000, 0x0000000621000000| Untracked 
| 117|0x0000000621400000, 0x0000000621600800, 0x0000000621800000| 50%| E|  |TAMS 0x0000000621400000, 0x0000000621400000| Complete 
| 118|0x0000000621800000, 0x0000000621c00000, 0x0000000621c00000|100%| E|CS|TAMS 0x0000000621800000, 0x0000000621800000| Complete 
| 119|0x0000000621c00000, 0x0000000622000000, 0x0000000622000000|100%| E|CS|TAMS 0x0000000621c00000, 0x0000000621c00000| Complete 
| 120|0x0000000622000000, 0x0000000622400000, 0x0000000622400000|100%| E|CS|TAMS 0x0000000622000000, 0x0000000622000000| Complete 
| 121|0x0000000622400000, 0x0000000622800000, 0x0000000622800000|100%| E|CS|TAMS 0x0000000622400000, 0x0000000622400000| Complete 
| 122|0x0000000622800000, 0x0000000622c00000, 0x0000000622c00000|100%| E|CS|TAMS 0x0000000622800000, 0x0000000622800000| Complete 
| 123|0x0000000622c00000, 0x0000000623000000, 0x0000000623000000|100%| E|CS|TAMS 0x0000000622c00000, 0x0000000622c00000| Complete 
| 124|0x0000000623000000, 0x0000000623400000, 0x0000000623400000|100%| E|CS|TAMS 0x0000000623000000, 0x0000000623000000| Complete 
| 125|0x0000000623400000, 0x0000000623800000, 0x0000000623800000|100%| E|CS|TAMS 0x0000000623400000, 0x0000000623400000| Complete 
| 126|0x0000000623800000, 0x0000000623c00000, 0x0000000623c00000|100%| E|CS|TAMS 0x0000000623800000, 0x0000000623800000| Complete 

Card table byte_map: [0x000001aad10c0000,0x000001aad20a0000] _byte_map_base: 0x000001aace0a0000

Marking Bits (Prev, Next): (CMBitMap*) 0x000001aab744dbd0, (CMBitMap*) 0x000001aab744dc10
 Prev Bits: [0x000001aad3080000, 0x000001aadaf80000)
 Next Bits: [0x000001aadaf80000, 0x000001aae2e80000)

Polling page: 0x000001aab7130000

Metaspace:

Usage:
  Non-class:     12.06 MB used.
      Class:    920.09 KB used.
       Both:     12.96 MB used.

Virtual space:
  Non-class space:       64.00 MB reserved,      12.19 MB ( 19%) committed,  1 nodes.
      Class space:        1.00 GB reserved,       1.00 MB ( <1%) committed,  1 nodes.
             Both:        1.06 GB reserved,      13.19 MB (  1%) committed. 

Chunk freelists:
   Non-Class:  3.28 MB
       Class:  14.91 MB
        Both:  18.19 MB

MaxMetaspaceSize: unlimited
CompressedClassSpaceSize: 1.00 GB
Initial GC threshold: 21.00 MB
Current GC threshold: 21.00 MB
CDS: on
MetaspaceReclaimPolicy: balanced
 - commit_granule_bytes: 65536.
 - commit_granule_words: 8192.
 - virtual_space_node_default_size: 8388608.
 - enlarge_chunks_in_place: 1.
 - new_chunks_are_fully_committed: 0.
 - uncommit_free_chunks: 1.
 - use_allocation_guard: 0.
 - handle_deallocations: 1.


Internal statistics:

num_allocs_failed_limit: 0.
num_arena_births: 118.
num_arena_deaths: 0.
num_vsnodes_births: 2.
num_vsnodes_deaths: 0.
num_space_committed: 207.
num_space_uncommitted: 0.
num_chunks_returned_to_freelist: 0.
num_chunks_taken_from_freelist: 414.
num_chunk_merges: 0.
num_chunk_splits: 317.
num_chunks_enlarged: 252.
num_inconsistent_stats: 0.

CodeHeap 'non-profiled nmethods': size=120000Kb used=865Kb max_used=865Kb free=119134Kb
 bounds [0x000001aac7f10000, 0x000001aac8180000, 0x000001aacf440000]
CodeHeap 'profiled nmethods': size=120000Kb used=3345Kb max_used=3345Kb free=116654Kb
 bounds [0x000001aac0440000, 0x000001aac0790000, 0x000001aac7970000]
CodeHeap 'non-nmethods': size=5760Kb used=1627Kb max_used=1661Kb free=4132Kb
 bounds [0x000001aac7970000, 0x000001aac7be0000, 0x000001aac7f10000]
 total_blobs=2708 nmethods=1741 adapters=880
 compilation: enabled
              stopped_count=0, restarted_count=0
 full_count=0

Compilation events (20 events):
Event: 4.874 Thread 0x000001aae3108140 1731       3       processing.opengl.FrameBuffer::setFBO (13 bytes)
Event: 4.875 Thread 0x000001aae3108140 nmethod 1731 0x000001aac0784390 code [0x000001aac0784520, 0x000001aac0784678]
Event: 4.904 Thread 0x000001aae30ff730 1732       4       processing.opengl.PShader::loadUniforms (310 bytes)
Event: 4.904 Thread 0x000001aae30ff730 nmethod 1732 0x000001aac7fe1790 code [0x000001aac7fe1900, 0x000001aac7fe1998]
Event: 4.908 Thread 0x000001aae30ff730 1733       4       processing.opengl.PShader::bind (47 bytes)
Event: 4.910 Thread 0x000001aae30ff730 nmethod 1733 0x000001aac7fe1a90 code [0x000001aac7fe1c40, 0x000001aac7fe1f08]
Event: 4.910 Thread 0x000001aae30ff730 1734       4       processing.opengl.PShader::consumeUniforms (1093 bytes)
Event: 4.910 Thread 0x000001aae30ff730 nmethod 1734 0x000001aac7fe2290 code [0x000001aac7fe2400, 0x000001aac7fe2498]
Event: 4.910 Thread 0x000001aae30ff730 1736       4       processing.opengl.PShader::bindTyped (516 bytes)
Event: 4.915 Thread 0x000001aae30ff730 nmethod 1736 0x000001aac7fe2590 code [0x000001aac7fe2840, 0x000001aac7fe3540]
Event: 4.915 Thread 0x000001aae30ff730 1735       4       processing.opengl.PShader::bindTextures (126 bytes)
Event: 4.915 Thread 0x000001aae30ff730 nmethod 1735 0x000001aac7fe4310 code [0x000001aac7fe4480, 0x000001aac7fe4518]
Event: 4.968 Thread 0x000001aae30ff730 1738       4       processing.opengl.PShader::unbind (36 bytes)
Event: 4.972 Thread 0x000001aae30ff730 nmethod 1738 0x000001aac7fe4a10 code [0x000001aac7fe4c40, 0x000001aac7fe5540]
Event: 4.973 Thread 0x000001aae30ff730 1739       4       processing.opengl.PShader::unbindTyped (301 bytes)
Event: 4.977 Thread 0x000001aae30ff730 nmethod 1739 0x000001aac7fe5f10 code [0x000001aac7fe6120, 0x000001aac7fe6970]
Event: 4.977 Thread 0x000001aae30ff730 1740       4       processing.opengl.PShader::unbindTextures (136 bytes)
Event: 4.977 Thread 0x000001aae30ff730 nmethod 1740 0x000001aac7fe7190 code [0x000001aac7fe7300, 0x000001aac7fe7398]
Event: 5.057 Thread 0x000001aae30ff730 1741 %     4       Module_1::drawLinearFunction @ 28 (55 bytes)
Event: 5.061 Thread 0x000001aae30ff730 nmethod 1741% 0x000001aac7fe7490 code [0x000001aac7fe7680, 0x000001aac7fe7ea8]

GC Heap History (4 events):
Event: 0.854 GC heap before
{Heap before GC invocations=0 (full 0):
 garbage-first heap   total 520192K, used 24576K [0x0000000604000000, 0x0000000800000000)
  region size 4096K, 6 young (24576K), 0 survivors (0K)
 Metaspace       used 11133K, committed 11392K, reserved 1114112K
  class space    used 754K, committed 896K, reserved 1048576K
}
Event: 0.860 GC heap after
{Heap after GC invocations=1 (full 0):
 garbage-first heap   total 520192K, used 2897K [0x0000000604000000, 0x0000000800000000)
  region size 4096K, 1 young (4096K), 1 survivors (4096K)
 Metaspace       used 11133K, committed 11392K, reserved 1114112K
  class space    used 754K, committed 896K, reserved 1048576K
}
Event: 2.382 GC heap before
{Heap before GC invocations=1 (full 0):
 garbage-first heap   total 520192K, used 39761K [0x0000000604000000, 0x0000000800000000)
  region size 4096K, 11 young (45056K), 1 survivors (4096K)
 Metaspace       used 13139K, committed 13312K, reserved 1114112K
  class space    used 914K, committed 1024K, reserved 1048576K
}
Event: 2.385 GC heap after
{Heap after GC invocations=2 (full 0):
 garbage-first heap   total 520192K, used 8637K [0x0000000604000000, 0x0000000800000000)
  region size 4096K, 2 young (8192K), 2 survivors (8192K)
 Metaspace       used 13139K, committed 13312K, reserved 1114112K
  class space    used 914K, committed 1024K, reserved 1048576K
}

Dll operation events (14 events):
Event: 0.005 Loaded shared library C:\Program Files\Processing\app\resources\jdk\bin\java.dll
Event: 0.017 Loaded shared library C:\Program Files\Processing\app\resources\jdk\bin\jsvml.dll
Event: 0.113 Loaded shared library C:\Program Files\Processing\app\resources\jdk\bin\net.dll
Event: 0.114 Loaded shared library C:\Program Files\Processing\app\resources\jdk\bin\nio.dll
Event: 0.116 Loaded shared library C:\Program Files\Processing\app\resources\jdk\bin\zip.dll
Event: 0.159 Loaded shared library C:\Program Files\Processing\app\resources\jdk\bin\jimage.dll
Event: 0.162 Loaded shared library C:\Program Files\Processing\app\resources\jdk\bin\awt.dll
Event: 0.400 Loaded shared library C:\Users\Admin\AppData\Local\Temp\jogamp_0000\file_cache\jln1055766802170583403\jln15574345949065303075\natives\windows-amd64\gluegen_rt.dll
Event: 0.404 Loaded shared library C:\Program Files\Processing\app\resources\jdk\bin\jawt.dll
Event: 0.413 Loaded shared library C:\Users\Admin\AppData\Local\Temp\jogamp_0000\file_cache\jln1055766802170583403\jln15574345949065303075\natives\windows-amd64\nativewindow_awt.dll
Event: 0.431 Loaded shared library C:\Users\Admin\AppData\Local\Temp\jogamp_0000\file_cache\jln1055766802170583403\jln15574345949065303075\natives\windows-amd64\nativewindow_win32.dll
Event: 0.500 Loaded shared library C:\Users\Admin\AppData\Local\Temp\jogamp_0000\file_cache\jln1055766802170583403\jln15574345949065303075\natives\windows-amd64\jogl_desktop.dll
Event: 0.661 Loaded shared library C:\Users\Admin\AppData\Local\Temp\jogamp_0000\file_cache\jln1055766802170583403\jln15574345949065303075\natives\windows-amd64\jogl_mobile.dll
Event: 1.405 Loaded shared library C:\Users\Admin\AppData\Local\Temp\jogamp_0000\file_cache\jln1055766802170583403\jln15574345949065303075\natives\windows-amd64\newt_head.dll

Deoptimization events (20 events):
Event: 5.106 Thread 0x000001ab2cb3ec20 DEOPT PACKING pc=0x000001aac077ffe1 sp=0x00000035ce2feac0
Event: 5.106 Thread 0x000001ab2cb3ec20 DEOPT UNPACKING pc=0x000001aac79c7143 sp=0x00000035ce2fdfb0 mode 1
Event: 5.106 Thread 0x000001ab2cb3ec20 DEOPT PACKING pc=0x000001aac0770814 sp=0x00000035ce2feb50
Event: 5.106 Thread 0x000001ab2cb3ec20 DEOPT UNPACKING pc=0x000001aac79c7143 sp=0x00000035ce2fe008 mode 1
Event: 5.106 Thread 0x000001ab2cb3ec20 DEOPT PACKING pc=0x000001aac077ffe1 sp=0x00000035ce2feb10
Event: 5.106 Thread 0x000001ab2cb3ec20 DEOPT UNPACKING pc=0x000001aac79c7143 sp=0x00000035ce2fe000 mode 1
Event: 5.106 Thread 0x000001ab2cb3ec20 DEOPT PACKING pc=0x000001aac0770814 sp=0x00000035ce2feba0
Event: 5.106 Thread 0x000001ab2cb3ec20 DEOPT UNPACKING pc=0x000001aac79c7143 sp=0x00000035ce2fe058 mode 1
Event: 5.143 Thread 0x000001ab2cb3f130 Uncommon trap: trap_request=0xffffff45 fr.pc=0x000001aac7f79de0 relative=0x0000000000000060
Event: 5.143 Thread 0x000001ab2cb3f130 Uncommon trap: reason=unstable_if action=reinterpret pc=0x000001aac7f79de0 method=java.util.HashMap.keySet()Ljava/util/Set; @ 6 c2
Event: 5.143 Thread 0x000001ab2cb3f130 DEOPT PACKING pc=0x000001aac7f79de0 sp=0x00000035ce4ff120
Event: 5.143 Thread 0x000001ab2cb3f130 DEOPT UNPACKING pc=0x000001aac79c69a3 sp=0x00000035ce4ff0b8 mode 2
Event: 5.143 Thread 0x000001ab2c92b850 Uncommon trap: trap_request=0xffffff45 fr.pc=0x000001aac7fd9078 relative=0x00000000000000d8
Event: 5.143 Thread 0x000001ab2c92b850 Uncommon trap: reason=unstable_if action=reinterpret pc=0x000001aac7fd9078 method=java.util.HashMap$HashIterator.<init>(Ljava/util/HashMap;)V @ 38 c2
Event: 5.143 Thread 0x000001ab2c92b850 DEOPT PACKING pc=0x000001aac7fd9078 sp=0x00000035cd4ff5a0
Event: 5.143 Thread 0x000001ab2c92b850 DEOPT UNPACKING pc=0x000001aac79c69a3 sp=0x00000035cd4ff480 mode 2
Event: 5.145 Thread 0x000001ab2c92b850 Uncommon trap: trap_request=0xffffff45 fr.pc=0x000001aac7fb2d7c relative=0x00000000000000fc
Event: 5.145 Thread 0x000001ab2c92b850 Uncommon trap: reason=unstable_if action=reinterpret pc=0x000001aac7fb2d7c method=com.jogamp.common.util.IntIntHashMap.put(II)I @ 21 c2
Event: 5.145 Thread 0x000001ab2c92b850 DEOPT PACKING pc=0x000001aac7fb2d7c sp=0x00000035cd4ff2b0
Event: 5.145 Thread 0x000001ab2c92b850 DEOPT UNPACKING pc=0x000001aac79c69a3 sp=0x00000035cd4ff218 mode 2

Classes unloaded (0 events):
No events

Classes redefined (0 events):
No events

Internal exceptions (20 events):
Event: 0.170 Thread 0x000001aab739e1d0 Exception <a 'java/io/FileNotFoundException'{0x00000006234d2ee0}> (0x00000006234d2ee0) 
thrown [s\src\hotspot\share\prims\jni.cpp, line 516]
Event: 0.174 Thread 0x000001aab739e1d0 Exception <a 'java/io/FileNotFoundException'{0x0000000623500090}> (0x0000000623500090) 
thrown [s\src\hotspot\share\prims\jni.cpp, line 516]
Event: 0.202 Thread 0x000001aab739e1d0 Exception <a 'java/lang/NoSuchMethodError'{0x00000006235b70a8}: 'java.lang.Object java.lang.invoke.DirectMethodHandle$Holder.invokeStaticInit(java.lang.Object)'> (0x00000006235b70a8) 
thrown [s\src\hotspot\share\interpreter\linkResolver.cpp, line 759]
Event: 0.289 Thread 0x000001aab739e1d0 Exception <a 'java/lang/NoSuchMethodError'{0x00000006231e1948}: 'java.lang.Object java.lang.invoke.DirectMethodHandle$Holder.invokeStaticInit(java.lang.Object, int, int, int, int)'> (0x00000006231e1948) 
thrown [s\src\hotspot\share\interpreter\linkResolver.cpp, line 759]
Event: 0.321 Thread 0x000001aab739e1d0 Exception <a 'java/lang/NoSuchMethodError'{0x00000006232ca500}: 'java.lang.Object java.lang.invoke.DirectMethodHandle$Holder.invokeStaticInit(java.lang.Object, java.lang.Object, int, int, int, int)'> (0x00000006232ca500) 
thrown [s\src\hotspot\share\interpreter\linkResolver.cpp, line 759]
Event: 0.340 Thread 0x000001aab739e1d0 Exception <a 'java/lang/NoSuchMethodError'{0x00000006232d5ff8}: 'void java.lang.invoke.DirectMethodHandle$Holder.invokeStatic(java.lang.Object, long)'> (0x00000006232d5ff8) 
thrown [s\src\hotspot\share\interpreter\linkResolver.cpp, line 759]
Event: 0.341 Thread 0x000001aab739e1d0 Exception <a 'java/lang/NoSuchMethodError'{0x00000006232db5d8}: 'java.lang.Object java.lang.invoke.DirectMethodHandle$Holder.newInvokeSpecial(java.lang.Object, long)'> (0x00000006232db5d8) 
thrown [s\src\hotspot\share\interpreter\linkResolver.cpp, line 759]
Event: 0.342 Thread 0x000001aab739e1d0 Exception <a 'java/lang/NoSuchMethodError'{0x00000006232e2830}: 'java.lang.Object java.lang.invoke.DirectMethodHandle$Holder.invokeStatic(java.lang.Object, java.lang.Object, long, java.lang.Object)'> (0x00000006232e2830) 
thrown [s\src\hotspot\share\interpreter\linkResolver.cpp, line 759]
Event: 0.342 Thread 0x000001aab739e1d0 Exception <a 'java/lang/NoSuchMethodError'{0x00000006232e62c8}: 'java.lang.Object java.lang.invoke.DirectMethodHandle$Holder.invokeStaticInit(java.lang.Object, java.lang.Object, long, java.lang.Object)'> (0x00000006232e62c8) 
thrown [s\src\hotspot\share\interpreter\linkResolver.cpp, line 759]
Event: 0.343 Thread 0x000001aab739e1d0 Exception <a 'java/lang/NoSuchMethodError'{0x00000006232ec888}: 'java.lang.Object java.lang.invoke.DirectMethodHandle$Holder.newInvokeSpecial(java.lang.Object, java.lang.Object, long)'> (0x00000006232ec888) 
thrown [s\src\hotspot\share\interpreter\linkResolver.cpp, line 759]
Event: 0.343 Thread 0x000001aab739e1d0 Exception <a 'java/lang/NoSuchMethodError'{0x00000006232f03f8}: 'java.lang.Object java.lang.invoke.Invokers$Holder.linkToTargetMethod(java.lang.Object, long, java.lang.Object)'> (0x00000006232f03f8) 
thrown [s\src\hotspot\share\interpreter\linkResolver.cpp, line 759]
Event: 0.419 Thread 0x000001aab739e1d0 Exception <a 'java/lang/NoSuchMethodError'{0x0000000622c696b0}: 'java.lang.Object java.lang.invoke.DirectMethodHandle$Holder.invokeInterface(java.lang.Object, java.lang.Object)'> (0x0000000622c696b0) 
thrown [s\src\hotspot\share\interpreter\linkResolver.cpp, line 759]
Event: 0.419 Thread 0x000001aab739e1d0 Exception <a 'java/lang/IncompatibleClassChangeError'{0x0000000622c6cea8}: Found class java.lang.Object, but interface was expected> (0x0000000622c6cea8) 
thrown [s\src\hotspot\share\interpreter\linkResolver.cpp, line 826]
Event: 1.466 Thread 0x000001aab739e1d0 Exception <a 'java/lang/NoSuchMethodError'{0x0000000622999210}: 'void java.lang.invoke.DirectMethodHandle$Holder.invokeSpecial(java.lang.Object, java.lang.Object, java.lang.Object, java.lang.Object, java.lang.Object)'> (0x0000000622999210) 
thrown [s\src\hotspot\share\interpreter\linkResolver.cpp, line 759]
Event: 1.467 Thread 0x000001aab739e1d0 Exception <a 'java/lang/NoSuchMethodError'{0x00000006229a24d8}: 'void java.lang.invoke.DirectMethodHandle$Holder.invokeSpecial(java.lang.Object, java.lang.Object, java.lang.Object)'> (0x00000006229a24d8) 
thrown [s\src\hotspot\share\interpreter\linkResolver.cpp, line 759]
Event: 1.468 Thread 0x000001aab739e1d0 Exception <a 'java/lang/NoSuchMethodError'{0x00000006229ab6d0}: 'void java.lang.invoke.DirectMethodHandle$Holder.invokeSpecial(java.lang.Object, java.lang.Object, int)'> (0x00000006229ab6d0) 
thrown [s\src\hotspot\share\interpreter\linkResolver.cpp, line 759]
Event: 1.468 Thread 0x000001aab739e1d0 Exception <a 'java/lang/NoSuchMethodError'{0x00000006229b16e8}: 'java.lang.Object java.lang.invoke.DirectMethodHandle$Holder.newInvokeSpecial(java.lang.Object, java.lang.Object, int)'> (0x00000006229b16e8) 
thrown [s\src\hotspot\share\interpreter\linkResolver.cpp, line 759]
Event: 3.554 Thread 0x000001ab2cb3ec20 Exception <a 'java/lang/NoSuchMethodError'{0x0000000622fa57f0}: 'int java.lang.invoke.DirectMethodHandle$Holder.invokeSpecial(java.lang.Object, java.lang.Object, java.lang.Object)'> (0x0000000622fa57f0) 
thrown [s\src\hotspot\share\interpreter\linkResolver.cpp, line 759]
Event: 5.121 Thread 0x000001ab2cb3c3a0 Exception <a 'java/lang/InterruptedException'{0x0000000621800000}> (0x0000000621800000) 
thrown [s\src\hotspot\share\runtime\objectMonitor.cpp, line 1658]
Event: 5.145 Thread 0x000001ab2c92b850 Implicit null exception at 0x000001aac7fb2cca to 0x000001aac7fb2d58

VM Operations (20 events):
Event: 0.118 Executing VM operation: HandshakeAllThreads done
Event: 0.237 Executing VM operation: HandshakeAllThreads
Event: 0.237 Executing VM operation: HandshakeAllThreads done
Event: 0.260 Executing VM operation: HandshakeAllThreads
Event: 0.260 Executing VM operation: HandshakeAllThreads done
Event: 0.297 Executing VM operation: HandshakeAllThreads
Event: 0.297 Executing VM operation: HandshakeAllThreads done
Event: 0.397 Executing VM operation: HandshakeAllThreads
Event: 0.397 Executing VM operation: HandshakeAllThreads done
Event: 0.401 Executing VM operation: HandshakeAllThreads
Event: 0.401 Executing VM operation: HandshakeAllThreads done
Event: 0.854 Executing VM operation: G1CollectForAllocation
Event: 0.860 Executing VM operation: G1CollectForAllocation done
Event: 1.867 Executing VM operation: Cleanup
Event: 1.867 Executing VM operation: Cleanup done
Event: 2.382 Executing VM operation: G1CollectForAllocation
Event: 2.385 Executing VM operation: G1CollectForAllocation done
Event: 4.386 Executing VM operation: Cleanup
Event: 4.386 Executing VM operation: Cleanup done
Event: 5.224 Executing VM operation: Exit

Events (20 events):
Event: 1.529 loading class java/util/regex/Pattern$Pos
Event: 1.529 loading class java/util/regex/Pattern$Pos done
Event: 1.533 loading class java/util/regex/Pattern$SliceS
Event: 1.533 loading class java/util/regex/Pattern$SliceS done
Event: 1.537 Thread 0x000001ab3aa7e0b0 Thread added: 0x000001ab3aa7e0b0
Event: 1.952 Thread 0x000001ab3aa7e0b0 Thread exited: 0x000001ab3aa7e0b0
Event: 2.125 Thread 0x000001ab3a610640 Thread exited: 0x000001ab3a610640
Event: 5.121 Thread 0x000001ab2cb3f130 Thread added: 0x000001ab2cb3f130
Event: 5.121 Thread 0x000001ab2cb3c3a0 Thread exited: 0x000001ab2cb3c3a0
Event: 5.121 Thread 0x000001ab2cb3d7e0 Thread added: 0x000001ab2cb3d7e0
Event: 5.121 Thread 0x000001ab2cb3f640 Thread added: 0x000001ab2cb3f640
Event: 5.122 Thread 0x000001ab2cb3dcf0 Thread added: 0x000001ab2cb3dcf0
Event: 5.122 loading class java/nio/channels/ClosedChannelException
Event: 5.122 loading class java/nio/channels/ClosedChannelException done
Event: 5.122 Thread 0x000001ab2cb3f640 Thread exited: 0x000001ab2cb3f640
Event: 5.122 Thread 0x000001ab2cb3e200 Thread exited: 0x000001ab2cb3e200
Event: 5.123 Thread 0x000001ab2b3d42c0 Thread exited: 0x000001ab2b3d42c0
Event: 5.146 Thread 0x000001ab2c92b850 Thread exited: 0x000001ab2c92b850
Event: 5.148 Thread 0x000001ab2cb3f130 Thread exited: 0x000001ab2cb3f130
Event: 5.222 Thread 0x000001ab2cb3d7e0 Thread exited: 0x000001ab2cb3d7e0


Dynamic libraries:
0x00007ff719af0000 - 0x00007ff719afe000 	C:\Program Files\Processing\app\resources\jdk\bin\java.exe
0x00007ffe9eea0000 - 0x00007ffe9f108000 	C:\WINDOWS\SYSTEM32\ntdll.dll
0x00007ffe9d660000 - 0x00007ffe9d729000 	C:\WINDOWS\System32\KERNEL32.DLL
0x00007ffe9c6e0000 - 0x00007ffe9cad1000 	C:\WINDOWS\System32\KERNELBASE.dll
0x00007ffe9b9a0000 - 0x00007ffe9baeb000 	C:\WINDOWS\System32\ucrtbase.dll
0x00007ffe81740000 - 0x00007ffe81757000 	C:\Program Files\Processing\app\resources\jdk\bin\jli.dll
0x00007ffe81760000 - 0x00007ffe81779000 	C:\Program Files\Processing\app\resources\jdk\bin\VCRUNTIME140.dll
0x00007ffe9de20000 - 0x00007ffe9dfe6000 	C:\WINDOWS\System32\USER32.dll
0x00007ffe9cc10000 - 0x00007ffe9cc37000 	C:\WINDOWS\System32\win32u.dll
0x00007ffe8ae70000 - 0x00007ffe8b103000 	C:\WINDOWS\WinSxS\amd64_microsoft.windows.common-controls_6595b64144ccf1df_6.0.26100.7824_none_3e0870b2e3345462\COMCTL32.dll
0x00007ffe9ebe0000 - 0x00007ffe9ec89000 	C:\WINDOWS\System32\msvcrt.dll
0x00007ffe9cc40000 - 0x00007ffe9cc6b000 	C:\WINDOWS\System32\GDI32.dll
0x00007ffe9cae0000 - 0x00007ffe9cc0b000 	C:\WINDOWS\System32\gdi32full.dll
0x00007ffe9b780000 - 0x00007ffe9b823000 	C:\WINDOWS\System32\msvcp_win.dll
0x00007ffe9d730000 - 0x00007ffe9d761000 	C:\WINDOWS\System32\IMM32.DLL
0x00007ffe83cf0000 - 0x00007ffe83cfc000 	C:\Program Files\Processing\app\resources\jdk\bin\vcruntime140_1.dll
0x00007ffe72f20000 - 0x00007ffe72fb1000 	C:\Program Files\Processing\app\resources\jdk\bin\msvcp140.dll
0x00007ffe398e0000 - 0x00007ffe3a52c000 	C:\Program Files\Processing\app\resources\jdk\bin\server\jvm.dll
0x00007ffe9e3e0000 - 0x00007ffe9e494000 	C:\WINDOWS\System32\ADVAPI32.dll
0x00007ffe9edb0000 - 0x00007ffe9ee56000 	C:\WINDOWS\System32\sechost.dll
0x00007ffe9d770000 - 0x00007ffe9d888000 	C:\WINDOWS\System32\RPCRT4.dll
0x00007ffe9b5e0000 - 0x00007ffe9b63e000 	C:\WINDOWS\SYSTEM32\POWRPROF.dll
0x00007ffe8a520000 - 0x00007ffe8a52a000 	C:\WINDOWS\SYSTEM32\WSOCK32.dll
0x00007ffe8c100000 - 0x00007ffe8c135000 	C:\WINDOWS\SYSTEM32\WINMM.dll
0x00007ffe9cce0000 - 0x00007ffe9cd54000 	C:\WINDOWS\System32\WS2_32.dll
0x00007ffe95f90000 - 0x00007ffe95f9b000 	C:\WINDOWS\SYSTEM32\VERSION.dll
0x00007ffe9b5c0000 - 0x00007ffe9b5d4000 	C:\WINDOWS\SYSTEM32\UMPDC.dll
0x00007ffe9a520000 - 0x00007ffe9a53b000 	C:\WINDOWS\SYSTEM32\kernel.appcore.dll
0x00007ffe82560000 - 0x00007ffe8256a000 	C:\Program Files\Processing\app\resources\jdk\bin\jimage.dll
0x00007ffe8b410000 - 0x00007ffe8b652000 	C:\WINDOWS\SYSTEM32\DBGHELP.DLL
0x00007ffe9e840000 - 0x00007ffe9ebc6000 	C:\WINDOWS\System32\combase.dll
0x00007ffe9e210000 - 0x00007ffe9e2e7000 	C:\WINDOWS\System32\OLEAUT32.dll
0x00007ffe6e280000 - 0x00007ffe6e2bb000 	C:\WINDOWS\SYSTEM32\dbgcore.DLL
0x00007ffe9c630000 - 0x00007ffe9c6d5000 	C:\WINDOWS\System32\bcryptPrimitives.dll
0x00007ffe7bf60000 - 0x00007ffe7bf9b000 	C:\Program Files\Processing\app\resources\jdk\bin\jdwp.dll
0x00007ffe78f50000 - 0x00007ffe78f75000 	C:\Program Files\Processing\app\resources\jdk\bin\java.dll
0x00007ffe722c0000 - 0x00007ffe72396000 	C:\Program Files\Processing\app\resources\jdk\bin\jsvml.dll
0x00007ffe9cd60000 - 0x00007ffe9d4b2000 	C:\WINDOWS\System32\SHELL32.dll
0x00007ffe9b830000 - 0x00007ffe9b99a000 	C:\WINDOWS\System32\wintypes.dll
0x00007ffe9bd00000 - 0x00007ffe9c563000 	C:\WINDOWS\System32\windows.storage.dll
0x00007ffe9dd20000 - 0x00007ffe9de16000 	C:\WINDOWS\System32\SHCORE.dll
0x00007ffe9cc70000 - 0x00007ffe9ccd7000 	C:\WINDOWS\System32\shlwapi.dll
0x00007ffe9b6a0000 - 0x00007ffe9b6c9000 	C:\WINDOWS\SYSTEM32\profapi.dll
0x00007ffe81730000 - 0x00007ffe8173c000 	C:\Program Files\Processing\app\resources\jdk\bin\dt_socket.dll
0x00007ffe99f40000 - 0x00007ffe99f74000 	C:\WINDOWS\SYSTEM32\IPHLPAPI.DLL
0x00007ffe9aa90000 - 0x00007ffe9aafb000 	C:\WINDOWS\system32\mswsock.dll
0x00007ffe81630000 - 0x00007ffe81649000 	C:\Program Files\Processing\app\resources\jdk\bin\net.dll
0x00007ffe95bd0000 - 0x00007ffe95cf7000 	C:\WINDOWS\SYSTEM32\WINHTTP.dll
0x00007ffe78f30000 - 0x00007ffe78f45000 	C:\Program Files\Processing\app\resources\jdk\bin\nio.dll
0x00007ffe78f10000 - 0x00007ffe78f28000 	C:\Program Files\Processing\app\resources\jdk\bin\zip.dll
0x00007ffe6e450000 - 0x00007ffe6e5de000 	C:\Program Files\Processing\app\resources\jdk\bin\awt.dll
0x00007ffe990b0000 - 0x00007ffe9914e000 	C:\WINDOWS\SYSTEM32\apphelp.dll
0x00007ffe992b0000 - 0x00007ffe9935b000 	C:\WINDOWS\system32\uxtheme.dll
0x00007ffe9d4c0000 - 0x00007ffe9d61f000 	C:\WINDOWS\System32\MSCTF.dll
0x00007ffe9e010000 - 0x00007ffe9e1a7000 	C:\WINDOWS\System32\ole32.dll
0x00007ffe99580000 - 0x00007ffe995b1000 	C:\WINDOWS\system32\DWMAPI.DLL
0x00007ffdea9b0000 - 0x00007ffdeaac0000 	C:\WINDOWS\system32\opengl32.dll
0x00007ffdea980000 - 0x00007ffdea9ad000 	C:\WINDOWS\SYSTEM32\GLU32.dll
0x00007ffe99510000 - 0x00007ffe99554000 	C:\WINDOWS\SYSTEM32\dxcore.dll
0x00007ffe9ad60000 - 0x00007ffe9ad7b000 	C:\WINDOWS\SYSTEM32\CRYPTSP.dll
0x00007ffe9a480000 - 0x00007ffe9a4b9000 	C:\WINDOWS\system32\rsaenh.dll
0x00007ffe9ab40000 - 0x00007ffe9ab6b000 	C:\WINDOWS\SYSTEM32\USERENV.dll
0x00007ffe9b670000 - 0x00007ffe9b69a000 	C:\WINDOWS\SYSTEM32\bcrypt.dll
0x00007ffe9ad80000 - 0x00007ffe9ad8c000 	C:\WINDOWS\SYSTEM32\CRYPTBASE.dll
0x00007ffe9ebd0000 - 0x00007ffe9ebda000 	C:\WINDOWS\System32\NSI.dll
0x00007ffe95fa0000 - 0x00007ffe95fbe000 	C:\WINDOWS\SYSTEM32\dhcpcsvc6.DLL
0x00007ffe958b0000 - 0x00007ffe958d3000 	C:\WINDOWS\SYSTEM32\dhcpcsvc.DLL
0x00007ffe99fd0000 - 0x00007ffe9a0fc000 	C:\WINDOWS\SYSTEM32\DNSAPI.dll
0x00007ffe78dc0000 - 0x00007ffe78dd3000 	C:\Users\Admin\AppData\Local\Temp\jogamp_0000\file_cache\jln1055766802170583403\jln15574345949065303075\natives\windows-amd64\gluegen_rt.dll
0x00007ffe7bf10000 - 0x00007ffe7bf17000 	C:\Program Files\Processing\app\resources\jdk\bin\jawt.dll
0x00007ffe78f00000 - 0x00007ffe78f0d000 	C:\Users\Admin\AppData\Local\Temp\jogamp_0000\file_cache\jln1055766802170583403\jln15574345949065303075\natives\windows-amd64\nativewindow_awt.dll
0x00007ffe75b60000 - 0x00007ffe75b75000 	C:\Users\Admin\AppData\Local\Temp\jogamp_0000\file_cache\jln1055766802170583403\jln15574345949065303075\natives\windows-amd64\nativewindow_win32.dll
0x00007ffe72d40000 - 0x00007ffe72dd1000 	C:\Users\Admin\AppData\Local\Temp\jogamp_0000\file_cache\jln1055766802170583403\jln15574345949065303075\natives\windows-amd64\jogl_desktop.dll
0x00007ffe74010000 - 0x00007ffe7406f000 	C:\Users\Admin\AppData\Local\Temp\jogamp_0000\file_cache\jln1055766802170583403\jln15574345949065303075\natives\windows-amd64\jogl_mobile.dll
0x00007ffe96230000 - 0x00007ffe96293000 	C:\WINDOWS\SYSTEM32\directxdatabasehelper.dll
0x00007ffe9b2f0000 - 0x00007ffe9b347000 	C:\WINDOWS\SYSTEM32\cfgmgr32.dll
0x00007ffe8d6f0000 - 0x00007ffe8d70a000 	C:\WINDOWS\SYSTEM32\windows.staterepositorycore.dll
0x00007ffe388f0000 - 0x00007ffe398da000 	C:\WINDOWS\System32\DriverStore\FileRepository\iigd_dch.inf_amd64_08a52cf2f322ba79\igxelpicd64.dll
0x00007ffe993d0000 - 0x00007ffe9950c000 	C:\WINDOWS\system32\dxgi.dll
0x00007ffe47e50000 - 0x00007ffe48137000 	C:\WINDOWS\System32\DriverStore\FileRepository\iigd_dch.inf_amd64_08a52cf2f322ba79\igdml64.dll
0x00007ffe92f80000 - 0x00007ffe93347000 	C:\WINDOWS\System32\DriverStore\FileRepository\iigd_dch.inf_amd64_08a52cf2f322ba79\igdgmm64.dll
0x00007ffe8f960000 - 0x00007ffe92f32000 	C:\WINDOWS\System32\DriverStore\FileRepository\iigd_dch.inf_amd64_08a52cf2f322ba79\igc64.dll
0x00007ffe74a70000 - 0x00007ffe74a89000 	C:\Users\Admin\AppData\Local\Temp\jogamp_0000\file_cache\jln1055766802170583403\jln15574345949065303075\natives\windows-amd64\newt_head.dll
0x00007ffe8cfe0000 - 0x00007ffe8d0a0000 	C:\WINDOWS\SYSTEM32\mscms.dll
0x00007ffe8cd60000 - 0x00007ffe8cda9000 	C:\WINDOWS\SYSTEM32\icm32.dll
0x00007ffe9d890000 - 0x00007ffe9dd19000 	C:\WINDOWS\System32\setupapi.dll
0x00007ffe9b2c0000 - 0x00007ffe9b2ed000 	C:\WINDOWS\SYSTEM32\DEVOBJ.dll
0x00007ffe9baf0000 - 0x00007ffe9bb72000 	C:\WINDOWS\System32\WINTRUST.dll
0x00007ffe9bb80000 - 0x00007ffe9bcf7000 	C:\WINDOWS\System32\CRYPT32.dll
0x00007ffe9ae90000 - 0x00007ffe9aea3000 	C:\WINDOWS\SYSTEM32\MSASN1.dll
0x00007ffe77af0000 - 0x00007ffe77c39000 	C:\WINDOWS\SYSTEM32\textinputframework.dll
0x00007ffe98c90000 - 0x00007ffe98db7000 	C:\WINDOWS\SYSTEM32\CoreMessaging.dll
0x00007ffe958e0000 - 0x00007ffe95bc2000 	C:\WINDOWS\SYSTEM32\CoreUIComponents.dll

dbghelp: loaded successfully - version: 4.0.5 - missing functions: none
symbol engine: initialized successfully - sym options: 0x614 - pdb path: .;C:\Program Files\Processing\app\resources\jdk\bin;C:\WINDOWS\SYSTEM32;C:\WINDOWS\WinSxS\amd64_microsoft.windows.common-controls_6595b64144ccf1df_6.0.26100.7824_none_3e0870b2e3345462;C:\Program Files\Processing\app\resources\jdk\bin\server;C:\Users\Admin\AppData\Local\Temp\jogamp_0000\file_cache\jln1055766802170583403\jln15574345949065303075\natives\windows-amd64;C:\WINDOWS\System32\DriverStore\FileRepository\iigd_dch.inf_amd64_08a52cf2f322ba79

VM Arguments:
jvm_args: -agentlib:jdwp=transport=dt_socket,address=8381,server=y,suspend=y,quiet=y -Djna.nosys=true -Djava.library.path=;C:\Program Files\Processing\app\resources\core\library;C:\Program Files\Processing;C:\WINDOWS\system32;C:\WINDOWS;C:\Program Files (x86)\Common Files\Oracle\Java\javapath;C:\Windows\system32;C:\Windows;C:\Windows\System32\Wbem;C:\Windows\System32\WindowsPowerShell\v1.0;C:\Windows\System32\OpenSSH;C:\Program Files\NVIDIA Corporation\NVIDIA NvDLISR;C:\Program Files\dotnet;C:\Program Files\Cloudflare\Cloudflare WARP;C:\WINDOWS\system32;C:\WINDOWS;C:\WINDOWS\System32\Wbem;C:\WINDOWS\System32\WindowsPowerShell\v1.0;C:\WINDOWS\System32\OpenSSH;C:\Program Files (x86)\NVIDIA Corporation\PhysX\Common;C:\Program Files (x86)\Windows Kits\10\Windows Performance Toolkit;C:\Program Files\Microsoft SQL Server\120\Tools\Binn;C:\Users\Admin\AppData\Local\Microsoft\WindowsApps;C:\Users\Admin\AppData\Local\PowerToys\DSCModules;C:\Program Files\Processing;C:\Program Files\Processing\app;. -ea 
java_command: processing.core.PApplet --editor-location=610,240 --external --display=1 --sketch-path=C:\Users\Admin\Desktop\Processing Files\Module_1 Module_1
java_class_path (initial): C:\Users\Admin\AppData\Local\Temp\processing\Module_14534142558863484406temp;C:\Program Files\Processing\app\resources\core\library\annotations-13.0.jar;C:\Program Files\Processing\app\resources\core\library\antlr-2.7.7.jar;C:\Program Files\Processing\app\resources\core\library\core-4.5.2.jar;C:\Program Files\Processing\app\resources\core\library\gluegen-rt-2.6.0-natives-android-aarch64.jar;C:\Program Files\Processing\app\resources\core\library\gluegen-rt-2.6.0-natives-android-x86_64.jar;C:\Program Files\Processing\app\resources\core\library\gluegen-rt-2.6.0-natives-freebsd-amd64.jar;C:\Program Files\Processing\app\resources\core\library\gluegen-rt-2.6.0-natives-linux-aarch64.jar;C:\Program Files\Processing\app\resources\core\library\gluegen-rt-2.6.0-natives-linux-amd64.jar;C:\Program Files\Processing\app\resources\core\library\gluegen-rt-2.6.0-natives-linux-armv6hf.jar;C:\Program Files\Processing\app\resources\core\library\gluegen-rt-2.6.0-natives-macosx-universal.jar;C:\Program Files\Processing\app\resources\core\library\gluegen-rt-2.6.0-natives-windows-amd64.jar;C:\Program Files\Processing\app\resources\core\library\gluegen-rt-2.6.0.jar;C:\Program Files\Processing\app\resources\core\library\gluegen-rt-main-2.6.0.jar;C:\Program Files\Processing\app\resources\core\library\jogl-all-2.6.0-natives-android-aarch64.jar;C:\Program Files\Processing\app\resources\core\library\jogl-all-2.6.0-natives-android-x86_64.jar;C:\Program Files\Processing\app\resources\core\library\jogl-all-2.6.0-natives-freebsd-amd64.jar;C:\Program Files\Processing\app\resources\core\library\jogl-all-2.6.0-natives-linux-aarch64.jar;C:\Program Files\Processing\app\resources\core\library\jogl-all-2.6.0-natives-linux-amd64.jar;C:\Program Files\Processing\app\resources\core\library\jogl-all-2.6.0-natives-linux-armv6hf.jar;C:\Program Files\Processing\app\resources\core\library\jogl-all-2.6.0-natives-macosx-universal.jar;C:\Program Files\Processing\app\resources\core\library\j
Launcher Type: SUN_STANDARD

[Global flags]
     intx CICompilerCount                          = 4                                         {product} {ergonomic}
     uint ConcGCThreads                            = 3                                         {product} {ergonomic}
     uint G1ConcRefinementThreads                  = 10                                        {product} {ergonomic}
   size_t G1HeapRegionSize                         = 4194304                                   {product} {ergonomic}
    uintx GCDrainStackTargetSize                   = 64                                        {product} {ergonomic}
   size_t InitialHeapSize                          = 532676608                                 {product} {ergonomic}
   size_t MarkStackSize                            = 4194304                                   {product} {ergonomic}
   size_t MaxHeapSize                              = 8522825728                                {product} {ergonomic}
   size_t MaxNewSize                               = 5112856576                                {product} {ergonomic}
   size_t MinHeapDeltaBytes                        = 4194304                                   {product} {ergonomic}
   size_t MinHeapSize                              = 8388608                                   {product} {ergonomic}
    uintx NonNMethodCodeHeapSize                   = 5839372                                {pd product} {ergonomic}
    uintx NonProfiledCodeHeapSize                  = 122909434                              {pd product} {ergonomic}
    uintx ProfiledCodeHeapSize                     = 122909434                              {pd product} {ergonomic}
    uintx ReservedCodeCacheSize                    = 251658240                              {pd product} {ergonomic}
     bool SegmentedCodeCache                       = true                                      {product} {ergonomic}
   size_t SoftMaxHeapSize                          = 8522825728                             {manageable} {ergonomic}
     bool UseCompressedClassPointers               = true                           {product lp64_product} {ergonomic}
     bool UseCompressedOops                        = true                           {product lp64_product} {ergonomic}
     bool UseG1GC                                  = true                                      {product} {ergonomic}
     bool UseLargePagesIndividualAllocation        = false                                  {pd product} {ergonomic}

Logging:
Log output configuration:
 #0: stdout all=off uptime,level,tags
 #1: stderr all=off uptime,level,tags

Environment Variables:
PATH=C:\Program Files (x86)\Common Files\Oracle\Java\javapath;C:\Windows\system32;C:\Windows;C:\Windows\System32\Wbem;C:\Windows\System32\WindowsPowerShell\v1.0\;C:\Windows\System32\OpenSSH\;C:\Program Files\NVIDIA Corporation\NVIDIA NvDLISR;C:\Program Files\dotnet\;C:\Program Files\Cloudflare\Cloudflare WARP\;C:\WINDOWS\system32;C:\WINDOWS;C:\WINDOWS\System32\Wbem;C:\WINDOWS\System32\WindowsPowerShell\v1.0\;C:\WINDOWS\System32\OpenSSH\;C:\Program Files (x86)\NVIDIA Corporation\PhysX\Common;C:\Program Files (x86)\Windows Kits\10\Windows Performance Toolkit\;C:\Program Files\Microsoft SQL Server\120\Tools\Binn\;C:\Users\Admin\AppData\Local\Microsoft\WindowsApps;C:\Users\Admin\AppData\Local\PowerToys\DSCModules\;C:\Program Files\Processing\;C:\Program Files\Processing\app
USERNAME=Admin
OS=Windows_NT
PROCESSOR_IDENTIFIER=Intel64 Family 6 Model 151 Stepping 5, GenuineIntel
TMP=C:\Users\Admin\AppData\Local\Temp
TEMP=C:\Users\Admin\AppData\Local\Temp



---------------  S Y S T E M  ---------------

OS:
 Windows 11 , 64 bit Build 26100 (10.0.26100.7705)
OS uptime: 0 days 3:09 hours

CPU: total 12 (initial active 12) (6 cores per cpu, 2 threads per core) family 6 model 151 stepping 5 microcode 0x18, cx8, cmov, fxsr, ht, mmx, 3dnowpref, sse, sse2, sse3, ssse3, sse4.1, sse4.2, popcnt, lzcnt, tsc, tscinvbit, avx, avx2, aes, erms, clmul, bmi1, bmi2, adx, sha, fma, vzeroupper, clflush, clflushopt, clwb
Processor Information for all 12 processors :
  Max Mhz: 2500, Current Mhz: 2500, Mhz Limit: 2500

Memory: 4k page, system-wide physical 32509M (20749M free)
TotalPageFile size 34557M (AvailPageFile size 21061M)
current process WorkingSet (physical memory assigned to process): 407M, peak: 416M
current process commit charge ("private bytes"): 868M, peak: 879M

vm_info: OpenJDK 64-Bit Server VM (17.0.8.1+1) for windows-amd64 JRE (17.0.8.1+1), built on Aug 23 2023 15:29:17 by "admin" with MS VC++ 16.7 (VS2019)

END.
